ganache v7.9.2 (@ganache/cli: 0.10.2, @ganache/core: 0.10.2)
Starting RPC server

Available Accounts
==================
(0) 0x90F8bf6A479f320ead074411a4B0e7944Ea8c9C1 (1000 ETH)
(1) 0xFFcf8FDEE72ac11b5c542428B35EEF5769C409f0 (1000 ETH)
(2) 0x22d491Bde2303f2f43325b2108D26f1eAbA1e32b (1000 ETH)
(3) 0xE11BA2b4D45Eaed5996Cd0823791E0C93114882d (1000 ETH)
(4) 0xd03ea8624C8C5987235048901fB614fDcA89b117 (1000 ETH)
(5) 0x95cED938F7991cd0dFcb48F0a06a40FA1aF46EBC (1000 ETH)
(6) 0x3E5e9111Ae8eB78Fe1CC3bb8915d5D461F3Ef9A9 (1000 ETH)
(7) 0x28a8746e75304c0780E011BEd21C72cD78cd535E (1000 ETH)
(8) 0xACa94ef8bD5ffEE41947b4585a84BdA5a3d3DA6E (1000 ETH)
(9) 0x1dF62f291b2E969fB0849d99D9Ce41e2F137006e (1000 ETH)

Private Keys
==================
(0) 0x4f3edf983ac636a65a842ce7c78d9aa706d3b113bce9c46f30d7d21715b23b1d
(1) 0x6cbed15c793ce57650b9877cf6fa156fbef513c4e6134f022a85b1ffdd59b2a1
(2) 0x6370fd033278c143179d81c5526140625662b8daa446c22ee2d73db3707e620c
(3) 0x646f1ce2fdad0e6deeeb5c7e8e5543bdde65e86029e2fd9fc169899c440a7913
(4) 0xadd53f9a7e588d003326d1cbf9e4a43c061aadd9bc938c843a79e7b4fd2ad743
(5) 0x395df67f0c2d2d9fe1ad08d1bc8b6627011959b79c53d7dd6a3536a33ab8a4fd
(6) 0xe485d098507f54e7733a205420dfddbe58db035fa577fc294ebd14db90767a52
(7) 0xa453611d9419d0e56f499079478fd72c37b251a94bfde4d19872c44cf65386e3
(8) 0x829e924fdf021ba3dbbc4225edfece9aca04b929d6e75613329ca6f1d31c0bb4
(9) 0xb0057716d5917badaf911b193b12b910811c1497b5bada8d7711f758981c3773

HD Wallet
==================
Mnemonic:      myth like bonus scare over problem client lizard pioneer submit female collect
Base HD Path:  m/44'/60'/0'/0/{account_index}

Default Gas Price
==================
2000000000

BlockGas Limit
==================
30000000

Call Gas Limit
==================
50000000

Chain
==================
Hardfork: shanghai
Id:       1337

RPC Listening on 0.0.0.0:7545
eth_blockNumber
net_version
eth_accounts
eth_getBlockByNumber
eth_accounts
eth_getBlockByNumber
eth_getBlockByNumber
eth_getBlockByNumber
eth_estimateGas
eth_getBlockByNumber
eth_blockNumber
eth_estimateGas
eth_getBlockByNumber
eth_gasPrice
eth_sendTransaction

  Transaction: 0x638c1299ff1a7df25efc473c67d86bf41b79243b4a501bb3810896e683cd59a0
  Contract created: 0xe78a0f7e598cc8b0bb87894b0f60dd2a88d6a8ab
  Gas usage: 851691
  Block number: 1
  Block time: Tue May 12 2026 22:25:38 GMT+0000 (Coordinated Universal Time)

eth_getTransactionReceipt
eth_getCode
eth_getTransactionByHash
eth_getBlockByNumber
eth_getBalance
net_version
eth_blockNumber
net_version
eth_gasPrice
eth_getCode
eth_getCode
eth_getBalance
eth_blockNumber
eth_call
eth_call
eth_call
eth_call
eth_call
eth_call
eth_call
eth_call
eth_call
eth_call
eth_call
eth_call
eth_call
eth_call
eth_call
eth_getTransactionCount
eth_sendRawTransaction

  Transaction: 0xb51acd540426d6305b447aa6c68901109478f9a93f00203193561cccce3c9de3
  Gas usage: 137109
  Block number: 2
  Block time: Tue May 12 2026 22:27:45 GMT+0000 (Coordinated Universal Time)

eth_getTransactionReceipt
eth_blockNumber
eth_blockNumber
net_version
eth_blockNumber
eth_call
eth_call
eth_call
eth_call
eth_call
eth_call
eth_call
eth_call
eth_call
eth_call
eth_sendRawTransaction

  Transaction: 0xdfb0029a4813cb8d8245771a5e78af8d0dcd456fe51e701570cc5bd379e6c9e8
  Gas usage: 120021
  Block number: 3
  Block time: Tue May 12 2026 22:27:58 GMT+0000 (Coordinated Universal Time)

eth_getTransactionReceipt
eth_blockNumber
eth_blockNumber
net_version
net_version
net_version
net_version
eth_gasPrice
eth_getCode
eth_getCode
eth_getBalance
eth_blockNumber
eth_call
eth_call
eth_call
eth_call
eth_call
eth_call
eth_call
eth_call
eth_call
eth_call
eth_getTransactionCount
eth_sendRawTransaction

  Transaction: 0x6ff9da0557efb98e8974106f9dedecaf93373c58970835faa67514dae1edd6f0
  Gas usage: 120033
  Block number: 4
  Block time: Tue May 12 2026 22:28:18 GMT+0000 (Coordinated Universal Time)

eth_getTransactionReceipt
eth_blockNumber
eth_blockNumber
eth_getBlockByNumber
net_version
eth_call
eth_call
eth_call
eth_call
eth_call
eth_call
net_version
net_version
eth_blockNumber
eth_gasPrice
eth_getCode
eth_getCode
eth_getBalance
eth_blockNumber
eth_call
eth_call
eth_call
eth_call
eth_call
eth_call
eth_call
eth_call
eth_call
eth_call
eth_getTransactionCount
eth_sendRawTransaction

  Transaction: 0x1a236504f24ffcca9b4243cd0945b4509a8c3d5b2f95738a5e7a6602ddbd0a95
  Gas usage: 66026
  Block number: 5
  Block time: Tue May 12 2026 22:29:20 GMT+0000 (Coordinated Universal Time)

eth_getTransactionReceipt
eth_blockNumber
eth_blockNumber
net_version
net_version
net_version
net_version
eth_blockNumber
eth_blockNumber
eth_call
eth_call
eth_call
eth_call
eth_call
eth_call
eth_call
eth_call
eth_call
eth_call
eth_sendRawTransaction

  Transaction: 0xe1f01c9da0e9a731591f3dc4893d7fe62a24ba8f944b1823d331c5882a1e2a16
  Gas usage: 120021
  Block number: 6
  Block time: Tue May 12 2026 22:29:47 GMT+0000 (Coordinated Universal Time)

eth_getTransactionReceipt
eth_blockNumber
eth_blockNumber
net_version
net_version
eth_blockNumber
eth_getCode
eth_getCode
eth_getBalance
eth_blockNumber
eth_call
eth_call
eth_call
eth_call
eth_call
eth_call
eth_call
eth_call
eth_call
eth_call
eth_getTransactionCount
eth_sendRawTransaction

  Transaction: 0x62e5f8ac541a545fc4dc222d7ed167ffefd0e3781754ea52763356e3ef96422c
  Gas usage: 31826
  Block number: 7
  Block time: Tue May 12 2026 22:30:14 GMT+0000 (Coordinated Universal Time)

eth_getTransactionReceipt
eth_blockNumber
eth_blockNumber
net_version
net_version
net_version
net_version
net_version
net_version
eth_blockNumber
net_version
eth_blockNumber
net_version
eth_accounts
eth_getBlockByNumber
eth_call
eth_call
eth_blockNumber
net_version
eth_accounts
eth_getBlockByNumber
eth_call
eth_call
eth_getBlockByNumber
net_version
eth_blockNumber
eth_blockNumber
eth_call
eth_call
eth_call
eth_call
eth_call
eth_call
eth_call
eth_call
eth_call
eth_call
eth_sendRawTransaction

  Transaction: 0x3dd65103d9e5578915ce0533525d0b2747bc25a9d7df0d7d40a34a7595a33da4
  Gas usage: 31826
  Block number: 8
  Block time: Tue May 12 2026 22:39:47 GMT+0000 (Coordinated Universal Time)

eth_getTransactionReceipt
eth_blockNumber
eth_blockNumber
net_version
net_version
eth_blockNumber
net_version
net_version
eth_blockNumber
eth_gasPrice
eth_getCode
eth_getCode
eth_getBalance
eth_blockNumber
eth_call
eth_call
eth_call
eth_call
eth_call
eth_call
eth_call
eth_call
eth_call
eth_call
eth_getTransactionCount
eth_sendRawTransaction

  Transaction: 0xa36c04e5427b5dcc31b9999adca1c7472cddc2e2aa7b865266392954d277c970
  Gas usage: 31826
  Block number: 9
  Block time: Tue May 12 2026 22:49:53 GMT+0000 (Coordinated Universal Time)

eth_getTransactionReceipt
eth_blockNumber
eth_blockNumber
eth_getBlockByNumber
net_version
eth_call
eth_call
eth_call
eth_call
eth_call
eth_call
eth_call
net_version
net_version
eth_blockNumber
net_version
net_version
eth_blockNumber
eth_gasPrice
eth_getCode
eth_getCode
eth_getBalance
eth_blockNumber
eth_call
eth_call
eth_call
eth_call
eth_call
eth_call
eth_call
eth_call
eth_call
eth_call
eth_call
eth_call
eth_call
eth_call
eth_call
eth_getTransactionCount
eth_sendRawTransaction

  Transaction: 0x93a84979dda1bec51bb1e2e0b01c10d5b30eda7c14c14f7e03ba246d74506ef8
  Gas usage: 31826
  Block number: 10
  Block time: Tue May 12 2026 23:08:49 GMT+0000 (Coordinated Universal Time)

eth_getTransactionReceipt
eth_blockNumber
eth_blockNumber
eth_getBlockByNumber
net_version
eth_call
eth_call
eth_call
eth_call
eth_call
eth_call
eth_call
net_version
eth_gasPrice
eth_getCode
eth_getCode
eth_getBalance
eth_blockNumber
eth_call
eth_call
eth_call
eth_call
eth_call
eth_call
eth_call
eth_call
eth_call
eth_call
eth_getTransactionCount
eth_sendRawTransaction

  Transaction: 0x2901befe81db2e9c15e81be364bc259f6c5b0d0476d950ee2f094f71e0e6d33c
  Gas usage: 77201
  Block number: 11
  Block time: Tue May 12 2026 23:09:02 GMT+0000 (Coordinated Universal Time)

eth_getTransactionReceipt
eth_blockNumber
eth_blockNumber
eth_getBlockByNumber
net_version
eth_call
eth_call
eth_call
eth_call
eth_call
eth_call
eth_call
eth_getTransactionReceipt
eth_getBlockByHash
eth_blockNumber
eth_getBalance
eth_blockNumber
eth_gasPrice
eth_getCode
eth_getCode
eth_blockNumber
eth_call
eth_call
eth_call
eth_call
eth_call
eth_call
eth_call
eth_call
eth_call
eth_call
eth_getTransactionCount
eth_sendRawTransaction

  Transaction: 0xb12120836b4cb579b6f21c619ce90d27c7c064fd7d8061a2646a08fa0c8a78aa
  Gas usage: 24007
  Block number: 12
  Block time: Tue May 12 2026 23:09:23 GMT+0000 (Coordinated Universal Time)

eth_getTransactionReceipt
eth_blockNumber
eth_blockNumber
eth_getBlockByNumber
net_version
eth_call
eth_call
eth_call
eth_call
eth_call
eth_call
eth_call
eth_gasPrice
eth_getCode
eth_getCode
eth_getBalance
eth_blockNumber
eth_call
eth_call
eth_call
eth_call
eth_call
eth_call
eth_call
eth_call
eth_call
eth_call
eth_getTransactionCount
eth_sendRawTransaction

  Transaction: 0x7e4400b80d2765fce5352d303455ba6c5b12cd98c4bf0754cab35de27af8d866
  Gas usage: 24007
  Block number: 13
  Block time: Tue May 12 2026 23:09:32 GMT+0000 (Coordinated Universal Time)

eth_getTransactionReceipt
eth_blockNumber
eth_blockNumber
eth_getBlockByNumber
net_version
eth_call
eth_call
eth_call
eth_call
eth_call
eth_call
eth_call
eth_getTransactionReceipt
eth_getBlockByHash
eth_blockNumber
eth_getBalance
eth_blockNumber
net_version
eth_gasPrice
eth_getCode
eth_getCode
eth_blockNumber
eth_call
eth_call
eth_call
eth_call
eth_call
eth_call
eth_call
eth_call
eth_call
eth_call
eth_call
eth_getTransactionCount
eth_sendRawTransaction

  Transaction: 0x91d213017513cdfcbd25608a90a1cf38209d1e9ab6289a4347a53c041027e336
  Gas usage: 120009
  Block number: 14
  Block time: Tue May 12 2026 23:09:47 GMT+0000 (Coordinated Universal Time)

eth_getTransactionReceipt
eth_blockNumber
eth_blockNumber
eth_getBlockByNumber
net_version
eth_call
eth_call
eth_call
eth_call
eth_call
eth_call
eth_call
eth_call
